Using pre-set license
Built from '2020.3/staging' branch; Version is '2020.3.21f1 (a38c86f6690f) revision 10718342'; Using compiler version '192528614'; Build Type 'Release'
OS: 'Windows 10 Home; OS build 19042.1288; Version 2009; 64bit' Language: 'ja' Physical Memory: 16331 MB
BatchMode: 1, IsHumanControllingUs: 0, StartBugReporterOnCrash: 0, Is64bit: 1, IsPro: 0

COMMAND LINE ARGUMENTS:
C:\Program Files\Unity\Hub\Editor\2020.3.21f1\Editor\Unity.exe
-adb2
-batchMode
-noUpm
-name
AssetImportWorker0
-projectPath
C:/Users/Kinsey/Documents/match-3-simple
-logFile
Logs/AssetImportWorker0.log
-srvPort
59098
Successfully changed project path to: C:/Users/Kinsey/Documents/match-3-simple
C:/Users/Kinsey/Documents/match-3-simple
Using Asset Import Pipeline V2.
Refreshing native plugins compatible for Editor in 50.15 ms, found 3 plugins.
Preloading 0 native plugins for Editor in 0.00 ms.
Initialize engine version: 2020.3.21f1 (a38c86f6690f)
[Subsystems] Discovering subsystems at path C:/Program Files/Unity/Hub/Editor/2020.3.21f1/Editor/Data/Resources/UnitySubsystems
[Subsystems] Discovering subsystems at path C:/Users/Kinsey/Documents/match-3-simple/Assets
GfxDevice: creating device client; threaded=0
Direct3D:
    Version:  Direct3D 11.0 [level 11.1]
    Renderer: Radeon RX Vega (ID=0x687f)
    Vendor:   
    VRAM:     8119 MB
    Driver:   27.20.22025.1006
Initialize mono
Mono path[0] = 'C:/Program Files/Unity/Hub/Editor/2020.3.21f1/Editor/Data/Managed'
Mono path[1] = 'C:/Program Files/Unity/Hub/Editor/2020.3.21f1/Editor/Data/MonoBleedingEdge/lib/mono/unityjit'
Mono config path = 'C:/Program Files/Unity/Hub/Editor/2020.3.21f1/Editor/Data/MonoBleedingEdge/etc'
Using monoOptions --debugger-agent=transport=dt_socket,embedding=1,server=y,suspend=n,address=127.0.0.1:56648
Begin MonoManager ReloadAssembly
Registering precompiled unity dll's ...
Register platform support module: C:/Program Files/Unity/Hub/Editor/2020.3.21f1/Editor/Data/PlaybackEngines/WindowsStandaloneSupport/UnityEditor.WindowsStandalone.Extensions.dll
Registered in 0.002471 seconds.
Native extension for WindowsStandalone target not found
Refreshing native plugins compatible for Editor in 44.87 ms, found 3 plugins.
Preloading 0 native plugins for Editor in 0.00 ms.
Mono: successfully reloaded assembly
- Completed reload, in  2.769 seconds
Domain Reload Profiling:
	ReloadAssembly (2770ms)
		BeginReloadAssembly (60ms)
			ExecutionOrderSort (0ms)
			DisableScriptedObjects (0ms)
			BackupInstance (0ms)
			ReleaseScriptingObjects (0ms)
			CreateAndSetChildDomain (1ms)
		EndReloadAssembly (480ms)
			LoadAssemblies (57ms)
			RebuildTransferFunctionScriptingTraits (0ms)
			SetupTypeCache (152ms)
			ReleaseScriptCaches (0ms)
			RebuildScriptCaches (38ms)
			SetupLoadedEditorAssemblies (188ms)
				LogAssemblyErrors (0ms)
				InitializePlatformSupportModulesInManaged (4ms)
				SetLoadedEditorAssemblies (0ms)
				RefreshPlugins (45ms)
				BeforeProcessingInitializeOnLoad (18ms)
				ProcessInitializeOnLoadAttributes (89ms)
				ProcessInitializeOnLoadMethodAttributes (31ms)
				AfterProcessingInitializeOnLoad (0ms)
				EditorAssembliesLoaded (0ms)
			ExecutionOrderSort2 (0ms)
			AwakeInstancesAfterBackupRestoration (0ms)
Platform modules already initialized, skipping
Registering precompiled user dll's ...
Registered in 0.006098 seconds.
Begin MonoManager ReloadAssembly
Native extension for WindowsStandalone target not found
Refreshing native plugins compatible for Editor in 43.82 ms, found 3 plugins.
Preloading 0 native plugins for Editor in 0.00 ms.
Mono: successfully reloaded assembly
- Completed reload, in  1.263 seconds
Domain Reload Profiling:
	ReloadAssembly (1264ms)
		BeginReloadAssembly (156ms)
			ExecutionOrderSort (0ms)
			DisableScriptedObjects (5ms)
			BackupInstance (0ms)
			ReleaseScriptingObjects (0ms)
			CreateAndSetChildDomain (19ms)
		EndReloadAssembly (1036ms)
			LoadAssemblies (100ms)
			RebuildTransferFunctionScriptingTraits (0ms)
			SetupTypeCache (294ms)
			ReleaseScriptCaches (0ms)
			RebuildScriptCaches (60ms)
			SetupLoadedEditorAssemblies (450ms)
				LogAssemblyErrors (0ms)
				InitializePlatformSupportModulesInManaged (5ms)
				SetLoadedEditorAssemblies (0ms)
				RefreshPlugins (44ms)
				BeforeProcessingInitializeOnLoad (96ms)
				ProcessInitializeOnLoadAttributes (269ms)
				ProcessInitializeOnLoadMethodAttributes (24ms)
				AfterProcessingInitializeOnLoad (11ms)
				EditorAssembliesLoaded (0ms)
			ExecutionOrderSort2 (0ms)
			AwakeInstancesAfterBackupRestoration (8ms)
Platform modules already initialized, skipping
========================================================================
Worker process is ready to serve import requests
Launched and connected shader compiler UnityShaderCompiler.exe after 0.06 seconds
Refreshing native plugins compatible for Editor in 0.50 ms, found 3 plugins.
Preloading 0 native plugins for Editor in 0.00 ms.
Unloading 2182 Unused Serialized files (Serialized files now loaded: 0)
System memory in use before: 98.1 MB.
System memory in use after: 98.2 MB.

Unloading 28 unused Assets to reduce memory usage. Loaded Objects now: 2615.
Total: 3.376200 ms (FindLiveObjects: 0.209300 ms CreateObjectMapping: 0.048700 ms MarkObjects: 3.034700 ms  DeleteObjects: 0.082300 ms)

AssetImportParameters requested are different than current active one (requested -> active):
  custom:framework-win-MediaFoundation: 216162199b28c13a410421893ffa2e32 -> 
  custom:video-decoder-ogg-theora: a1e56fd34408186e4bbccfd4996cb3dc -> 
  custom:container-muxer-webm: aa71ff27fc2769a1b78a27578f13a17b -> 
  custom:container-demuxer-webm: 4f35f7cbe854078d1ac9338744f61a02 -> 
  custom:container-demuxer-ogg: 62fdf1f143b41e24485cea50d1cbac27 -> 
  custom:video-encoder-webm-vp8: eb34c28f22e8b96e1ab97ce403110664 -> 
  custom:video-decoder-webm-vp8: 9c59270c3fd7afecdb556c50c9e8de78 -> 
  custom:audio-decoder-ogg-vorbis: bf7c407c2cedff20999df2af8eb42d56 -> 
  custom:audio-encoder-webm-vorbis: bf7c407c2cedff20999df2af8eb42d56 -> 
========================================================================
Received Import Request.
  path: Assets
  artifactKey: Guid(00000000000000001000000000000000) Importer(815301076,1909f56bfc062723c751e8b465ee728b)
Start importing Assets using Guid(00000000000000001000000000000000) Importer(815301076,1909f56bfc062723c751e8b465ee728b)  -> (artifact id: '42d402b061de3733987d63b9cc3b64de') in 0.011135 seconds 
  Import took 0.015385 seconds .

========================================================================
Received Import Request.
  Time since last request: 16.020091 seconds.
  path: Assets/Materials
  artifactKey: Guid(2bcc198009f6952438cfaeeca191a3f4) Importer(815301076,1909f56bfc062723c751e8b465ee728b)
Start importing Assets/Materials using Guid(2bcc198009f6952438cfaeeca191a3f4) Importer(815301076,1909f56bfc062723c751e8b465ee728b)  -> (artifact id: 'f64e1f05f2a4dd46ff1559f45a44e168') in 0.011204 seconds 
  Import took 0.015821 seconds .

========================================================================
Received Import Request.
  Time since last request: 272.535950 seconds.
  path: Assets/Prefabs
  artifactKey: Guid(d44741cb7e4b9e449ae772a435840903) Importer(815301076,1909f56bfc062723c751e8b465ee728b)
Start importing Assets/Prefabs using Guid(d44741cb7e4b9e449ae772a435840903) Importer(815301076,1909f56bfc062723c751e8b465ee728b)  -> (artifact id: '74220b1f397531a61722acd082c53961') in 0.010765 seconds 
  Import took 0.014601 seconds .

========================================================================
Received Import Request.
  Time since last request: 15.909151 seconds.
  path: Assets/Prefabs/TileCapsule.prefab
  artifactKey: Guid(a3c6bb535f1cc48468643f9faa044372) Importer(815301076,1909f56bfc062723c751e8b465ee728b)
Start importing Assets/Prefabs/TileCapsule.prefab using Guid(a3c6bb535f1cc48468643f9faa044372) Importer(815301076,1909f56bfc062723c751e8b465ee728b)  -> (artifact id: '406e326d8d29d08cf32ee4b194cd4588') in 0.092615 seconds 
  Import took 0.097406 seconds .

========================================================================
Received Import Request.
  Time since last request: 1.612995 seconds.
  path: Assets/Prefabs/TileCube.prefab
  artifactKey: Guid(401cbf83c6f173e4da2d83791534a450) Importer(815301076,1909f56bfc062723c751e8b465ee728b)
Start importing Assets/Prefabs/TileCube.prefab using Guid(401cbf83c6f173e4da2d83791534a450) Importer(815301076,1909f56bfc062723c751e8b465ee728b)  -> (artifact id: '990f637c8082049074302eef36403fd1') in 0.019904 seconds 
  Import took 0.023440 seconds .

========================================================================
Received Import Request.
  Time since last request: 0.954407 seconds.
  path: Assets/Prefabs/TileCylinder.prefab
  artifactKey: Guid(e7c9e1733cbd18848ab50fb122fa1215) Importer(815301076,1909f56bfc062723c751e8b465ee728b)
Start importing Assets/Prefabs/TileCylinder.prefab using Guid(e7c9e1733cbd18848ab50fb122fa1215) Importer(815301076,1909f56bfc062723c751e8b465ee728b)  -> (artifact id: '4f3b3bfd60cf1aa2253e934e18e28800') in 0.014033 seconds 
  Import took 0.017301 seconds .

========================================================================
Received Import Request.
  Time since last request: 0.710838 seconds.
  path: Assets/Prefabs/TileSphere.prefab
  artifactKey: Guid(155f38886ba096440a68bd24713408af) Importer(815301076,1909f56bfc062723c751e8b465ee728b)
Start importing Assets/Prefabs/TileSphere.prefab using Guid(155f38886ba096440a68bd24713408af) Importer(815301076,1909f56bfc062723c751e8b465ee728b)  -> (artifact id: 'da0fc9ff5b849480d992a767de27ff07') in 0.012320 seconds 
  Import took 0.016287 seconds .

========================================================================
Received Import Request.
  Time since last request: 276.586163 seconds.
  path: Assets/Prefabs/TileCylinder.prefab
  artifactKey: Guid(e7c9e1733cbd18848ab50fb122fa1215) Importer(815301076,1909f56bfc062723c751e8b465ee728b)
Start importing Assets/Prefabs/TileCylinder.prefab using Guid(e7c9e1733cbd18848ab50fb122fa1215) Importer(815301076,1909f56bfc062723c751e8b465ee728b)  -> (artifact id: 'a505a1ef325017e415c3a2a8a7deb72e') in 0.017461 seconds 
  Import took 0.020770 seconds .

========================================================================
Received Import Request.
  Time since last request: 11.324135 seconds.
  path: Assets/Prefabs/TileCube.prefab
  artifactKey: Guid(401cbf83c6f173e4da2d83791534a450) Importer(815301076,1909f56bfc062723c751e8b465ee728b)
Start importing Assets/Prefabs/TileCube.prefab using Guid(401cbf83c6f173e4da2d83791534a450) Importer(815301076,1909f56bfc062723c751e8b465ee728b)  -> (artifact id: 'a973337aca955cbe7c0af471e3bc9b75') in 0.013383 seconds 
  Import took 0.017957 seconds .

========================================================================
Received Import Request.
  Time since last request: 4.911968 seconds.
  path: Assets/Prefabs/TileSphere.prefab
  artifactKey: Guid(155f38886ba096440a68bd24713408af) Importer(815301076,1909f56bfc062723c751e8b465ee728b)
Start importing Assets/Prefabs/TileSphere.prefab using Guid(155f38886ba096440a68bd24713408af) Importer(815301076,1909f56bfc062723c751e8b465ee728b)  -> (artifact id: '71041b49867e4176ae57e988a3462f4c') in 0.015374 seconds 
  Import took 0.018981 seconds .

========================================================================
Received Import Request.
  Time since last request: 3.938269 seconds.
  path: Assets/Prefabs/TileCapsule.prefab
  artifactKey: Guid(a3c6bb535f1cc48468643f9faa044372) Importer(815301076,1909f56bfc062723c751e8b465ee728b)
Start importing Assets/Prefabs/TileCapsule.prefab using Guid(a3c6bb535f1cc48468643f9faa044372) Importer(815301076,1909f56bfc062723c751e8b465ee728b)  -> (artifact id: 'd632f89412594179f3800cf5ecb2dc33') in 0.014291 seconds 
  Import took 0.017552 seconds .

========================================================================
Received Import Request.
  Time since last request: 18.940906 seconds.
  path: Assets/Scripts
  artifactKey: Guid(1e0126e7027fa3741b06fffdebdff458) Importer(815301076,1909f56bfc062723c751e8b465ee728b)
Start importing Assets/Scripts using Guid(1e0126e7027fa3741b06fffdebdff458) Importer(815301076,1909f56bfc062723c751e8b465ee728b)  -> (artifact id: '422ab1bc1a61434ad35a6ae9b3d16ad2') in 0.007708 seconds 
  Import took 0.011266 seconds .

========================================================================
Received Import Request.
  Time since last request: 196.132093 seconds.
  path: Assets/Scripts/Tile.cs
  artifactKey: Guid(9f85980c11b413f4b9de8f164b6703b8) Importer(815301076,1909f56bfc062723c751e8b465ee728b)
Start importing Assets/Scripts/Tile.cs using Guid(9f85980c11b413f4b9de8f164b6703b8) Importer(815301076,1909f56bfc062723c751e8b465ee728b)  -> (artifact id: '1012013960d81a69a89ae06e662928fa') in 0.014070 seconds 
  Import took 0.017696 seconds .

========================================================================
Received Import Request.
  Time since last request: 67.932509 seconds.
  path: Assets/Scripts/Tile.cs
  artifactKey: Guid(9f85980c11b413f4b9de8f164b6703b8) Importer(815301076,1909f56bfc062723c751e8b465ee728b)
Start importing Assets/Scripts/Tile.cs using Guid(9f85980c11b413f4b9de8f164b6703b8) Importer(815301076,1909f56bfc062723c751e8b465ee728b)  -> (artifact id: 'f21ac525a99896be00fbc25a66abdb98') in 0.002809 seconds 
  Import took 0.006354 seconds .

========================================================================
Received Prepare
Registering precompiled user dll's ...
Registered in 0.008417 seconds.
Begin MonoManager ReloadAssembly
Native extension for WindowsStandalone target not found
Refreshing native plugins compatible for Editor in 0.60 ms, found 3 plugins.
Preloading 0 native plugins for Editor in 0.00 ms.
Mono: successfully reloaded assembly
- Completed reload, in  1.067 seconds
Domain Reload Profiling:
	ReloadAssembly (1067ms)
		BeginReloadAssembly (133ms)
			ExecutionOrderSort (0ms)
			DisableScriptedObjects (7ms)
			BackupInstance (0ms)
			ReleaseScriptingObjects (0ms)
			CreateAndSetChildDomain (40ms)
		EndReloadAssembly (864ms)
			LoadAssemblies (94ms)
			RebuildTransferFunctionScriptingTraits (0ms)
			SetupTypeCache (278ms)
			ReleaseScriptCaches (1ms)
			RebuildScriptCaches (54ms)
			SetupLoadedEditorAssemblies (336ms)
				LogAssemblyErrors (0ms)
				InitializePlatformSupportModulesInManaged (6ms)
				SetLoadedEditorAssemblies (0ms)
				RefreshPlugins (1ms)
				BeforeProcessingInitializeOnLoad (97ms)
				ProcessInitializeOnLoadAttributes (212ms)
				ProcessInitializeOnLoadMethodAttributes (12ms)
				AfterProcessingInitializeOnLoad (9ms)
				EditorAssembliesLoaded (0ms)
			ExecutionOrderSort2 (0ms)
			AwakeInstancesAfterBackupRestoration (9ms)
Platform modules already initialized, skipping
Refreshing native plugins compatible for Editor in 0.61 ms, found 3 plugins.
Preloading 0 native plugins for Editor in 0.00 ms.
Unloading 2172 Unused Serialized files (Serialized files now loaded: 0)
System memory in use before: 100.6 MB.
System memory in use after: 100.8 MB.

Unloading 17 unused Assets to reduce memory usage. Loaded Objects now: 2629.
Total: 3.710200 ms (FindLiveObjects: 0.242700 ms CreateObjectMapping: 0.052600 ms MarkObjects: 3.391300 ms  DeleteObjects: 0.022200 ms)

AssetImportParameters requested are different than current active one (requested -> active):
  custom:framework-win-MediaFoundation: 216162199b28c13a410421893ffa2e32 -> 
  custom:video-decoder-ogg-theora: a1e56fd34408186e4bbccfd4996cb3dc -> 
  custom:container-muxer-webm: aa71ff27fc2769a1b78a27578f13a17b -> 
  custom:container-demuxer-webm: 4f35f7cbe854078d1ac9338744f61a02 -> 
  custom:container-demuxer-ogg: 62fdf1f143b41e24485cea50d1cbac27 -> 
  custom:video-encoder-webm-vp8: eb34c28f22e8b96e1ab97ce403110664 -> 
  custom:video-decoder-webm-vp8: 9c59270c3fd7afecdb556c50c9e8de78 -> 
  custom:audio-decoder-ogg-vorbis: bf7c407c2cedff20999df2af8eb42d56 -> 
  custom:audio-encoder-webm-vorbis: bf7c407c2cedff20999df2af8eb42d56 -> 
========================================================================
Received Import Request.
  Time since last request: 539.653620 seconds.
  path: Assets/Scripts/Tile.cs
  artifactKey: Guid(9f85980c11b413f4b9de8f164b6703b8) Importer(815301076,1909f56bfc062723c751e8b465ee728b)
Start importing Assets/Scripts/Tile.cs using Guid(9f85980c11b413f4b9de8f164b6703b8) Importer(815301076,1909f56bfc062723c751e8b465ee728b)  -> (artifact id: 'c34c921b02a7cfaf223bab56501eac86') in 0.006631 seconds 
  Import took 0.011253 seconds .

========================================================================
Received Import Request.
  Time since last request: 47.218120 seconds.
  path: Assets/Prefabs/TileCapsule.prefab
  artifactKey: Guid(a3c6bb535f1cc48468643f9faa044372) Importer(815301076,1909f56bfc062723c751e8b465ee728b)
Start importing Assets/Prefabs/TileCapsule.prefab using Guid(a3c6bb535f1cc48468643f9faa044372) Importer(815301076,1909f56bfc062723c751e8b465ee728b)  -> (artifact id: '0ddc8bb4631725a5aba4e938f62aead0') in 0.054066 seconds 
  Import took 0.057874 seconds .

========================================================================
Received Import Request.
  Time since last request: 5.667914 seconds.
  path: Assets/Prefabs/TileCube.prefab
  artifactKey: Guid(401cbf83c6f173e4da2d83791534a450) Importer(815301076,1909f56bfc062723c751e8b465ee728b)
Start importing Assets/Prefabs/TileCube.prefab using Guid(401cbf83c6f173e4da2d83791534a450) Importer(815301076,1909f56bfc062723c751e8b465ee728b)  -> (artifact id: '3762af087a4ef6bb5ee0c2da3c780ebb') in 0.011222 seconds 
  Import took 0.014818 seconds .

========================================================================
Received Import Request.
  Time since last request: 14.834078 seconds.
  path: Assets/Prefabs/TileCylinder.prefab
  artifactKey: Guid(e7c9e1733cbd18848ab50fb122fa1215) Importer(815301076,1909f56bfc062723c751e8b465ee728b)
Start importing Assets/Prefabs/TileCylinder.prefab using Guid(e7c9e1733cbd18848ab50fb122fa1215) Importer(815301076,1909f56bfc062723c751e8b465ee728b)  -> (artifact id: '16fc11a47d4df6116d75aba4708c1a15') in 0.011868 seconds 
  Import took 0.016045 seconds .

========================================================================
Received Import Request.
  Time since last request: 5.845422 seconds.
  path: Assets/Prefabs/TileSphere.prefab
  artifactKey: Guid(155f38886ba096440a68bd24713408af) Importer(815301076,1909f56bfc062723c751e8b465ee728b)
Start importing Assets/Prefabs/TileSphere.prefab using Guid(155f38886ba096440a68bd24713408af) Importer(815301076,1909f56bfc062723c751e8b465ee728b)  -> (artifact id: '67c38a1d1a0927f7fd4be3ee80cec121') in 0.010472 seconds 
  Import took 0.014153 seconds .

========================================================================
Received Import Request.
  Time since last request: 58.924251 seconds.
  path: Assets/Scripts/GameManager.cs
  artifactKey: Guid(18a08ee72b2536b418b3f6adb4554132) Importer(815301076,1909f56bfc062723c751e8b465ee728b)
Start importing Assets/Scripts/GameManager.cs using Guid(18a08ee72b2536b418b3f6adb4554132) Importer(815301076,1909f56bfc062723c751e8b465ee728b)  -> (artifact id: '4efb1263cca3a08b80e33da0512bf877') in 0.007133 seconds 
  Import took 0.010412 seconds .

========================================================================
Received Import Request.
  Time since last request: 75.160762 seconds.
  path: Assets/Scripts/GameManager.cs
  artifactKey: Guid(18a08ee72b2536b418b3f6adb4554132) Importer(815301076,1909f56bfc062723c751e8b465ee728b)
Start importing Assets/Scripts/GameManager.cs using Guid(18a08ee72b2536b418b3f6adb4554132) Importer(815301076,1909f56bfc062723c751e8b465ee728b)  -> (artifact id: '9d108881a53e2d11a460e6492eeb9687') in 0.003969 seconds 
  Import took 0.009277 seconds .

========================================================================
Received Prepare
Registering precompiled user dll's ...
Registered in 0.005864 seconds.
Begin MonoManager ReloadAssembly
Native extension for WindowsStandalone target not found
Refreshing native plugins compatible for Editor in 0.51 ms, found 3 plugins.
Preloading 0 native plugins for Editor in 0.00 ms.
Mono: successfully reloaded assembly
- Completed reload, in  1.074 seconds
Domain Reload Profiling:
	ReloadAssembly (1074ms)
		BeginReloadAssembly (132ms)
			ExecutionOrderSort (0ms)
			DisableScriptedObjects (6ms)
			BackupInstance (0ms)
			ReleaseScriptingObjects (0ms)
			CreateAndSetChildDomain (42ms)
		EndReloadAssembly (874ms)
			LoadAssemblies (93ms)
			RebuildTransferFunctionScriptingTraits (0ms)
			SetupTypeCache (281ms)
			ReleaseScriptCaches (1ms)
			RebuildScriptCaches (59ms)
			SetupLoadedEditorAssemblies (337ms)
				LogAssemblyErrors (0ms)
				InitializePlatformSupportModulesInManaged (6ms)
				SetLoadedEditorAssemblies (0ms)
				RefreshPlugins (1ms)
				BeforeProcessingInitializeOnLoad (96ms)
				ProcessInitializeOnLoadAttributes (213ms)
				ProcessInitializeOnLoadMethodAttributes (12ms)
				AfterProcessingInitializeOnLoad (9ms)
				EditorAssembliesLoaded (0ms)
			ExecutionOrderSort2 (0ms)
			AwakeInstancesAfterBackupRestoration (9ms)
Platform modules already initialized, skipping
Refreshing native plugins compatible for Editor in 0.51 ms, found 3 plugins.
Preloading 0 native plugins for Editor in 0.00 ms.
Unloading 2173 Unused Serialized files (Serialized files now loaded: 0)
System memory in use before: 100.7 MB.
System memory in use after: 100.8 MB.

Unloading 17 unused Assets to reduce memory usage. Loaded Objects now: 2633.
Total: 3.082400 ms (FindLiveObjects: 0.208400 ms CreateObjectMapping: 0.059400 ms MarkObjects: 2.798200 ms  DeleteObjects: 0.015400 ms)

AssetImportParameters requested are different than current active one (requested -> active):
  custom:framework-win-MediaFoundation: 216162199b28c13a410421893ffa2e32 -> 
  custom:video-decoder-ogg-theora: a1e56fd34408186e4bbccfd4996cb3dc -> 
  custom:container-muxer-webm: aa71ff27fc2769a1b78a27578f13a17b -> 
  custom:container-demuxer-webm: 4f35f7cbe854078d1ac9338744f61a02 -> 
  custom:container-demuxer-ogg: 62fdf1f143b41e24485cea50d1cbac27 -> 
  custom:video-encoder-webm-vp8: eb34c28f22e8b96e1ab97ce403110664 -> 
  custom:video-decoder-webm-vp8: 9c59270c3fd7afecdb556c50c9e8de78 -> 
  custom:audio-decoder-ogg-vorbis: bf7c407c2cedff20999df2af8eb42d56 -> 
  custom:audio-encoder-webm-vorbis: bf7c407c2cedff20999df2af8eb42d56 -> 
========================================================================
Received Import Request.
  Time since last request: 3537.623867 seconds.
  path: Assets/Scenes/SampleScene.unity
  artifactKey: Guid(2cda990e2423bbf4892e6590ba056729) Importer(815301076,1909f56bfc062723c751e8b465ee728b)
Start importing Assets/Scenes/SampleScene.unity using Guid(2cda990e2423bbf4892e6590ba056729) Importer(815301076,1909f56bfc062723c751e8b465ee728b)  -> (artifact id: 'aa27944bdea339c97c39027c7eea529c') in 0.021781 seconds 
  Import took 0.026889 seconds .

========================================================================
Received Import Request.
  Time since last request: 4.728036 seconds.
  path: Assets/Scenes/Main.unity
  artifactKey: Guid(983a26d576016a64faf21d0c3a325f16) Importer(815301076,1909f56bfc062723c751e8b465ee728b)
Start importing Assets/Scenes/Main.unity using Guid(983a26d576016a64faf21d0c3a325f16) Importer(815301076,1909f56bfc062723c751e8b465ee728b)  -> (artifact id: 'd24c17a86782324202d8667e0b485edb') in 0.008652 seconds 
  Import took 0.013168 seconds .

========================================================================
Received Prepare
Registering precompiled user dll's ...
Registered in 0.005962 seconds.
Begin MonoManager ReloadAssembly
Native extension for WindowsStandalone target not found
Refreshing native plugins compatible for Editor in 0.49 ms, found 3 plugins.
Preloading 0 native plugins for Editor in 0.00 ms.
Mono: successfully reloaded assembly
- Completed reload, in  1.043 seconds
Domain Reload Profiling:
	ReloadAssembly (1043ms)
		BeginReloadAssembly (134ms)
			ExecutionOrderSort (0ms)
			DisableScriptedObjects (7ms)
			BackupInstance (0ms)
			ReleaseScriptingObjects (0ms)
			CreateAndSetChildDomain (41ms)
		EndReloadAssembly (842ms)
			LoadAssemblies (94ms)
			RebuildTransferFunctionScriptingTraits (0ms)
			SetupTypeCache (268ms)
			ReleaseScriptCaches (1ms)
			RebuildScriptCaches (54ms)
			SetupLoadedEditorAssemblies (327ms)
				LogAssemblyErrors (0ms)
				InitializePlatformSupportModulesInManaged (5ms)
				SetLoadedEditorAssemblies (0ms)
				RefreshPlugins (1ms)
				BeforeProcessingInitializeOnLoad (93ms)
				ProcessInitializeOnLoadAttributes (208ms)
				ProcessInitializeOnLoadMethodAttributes (12ms)
				AfterProcessingInitializeOnLoad (9ms)
				EditorAssembliesLoaded (0ms)
			ExecutionOrderSort2 (0ms)
			AwakeInstancesAfterBackupRestoration (9ms)
Platform modules already initialized, skipping
Refreshing native plugins compatible for Editor in 0.49 ms, found 3 plugins.
Preloading 0 native plugins for Editor in 0.00 ms.
Unloading 2173 Unused Serialized files (Serialized files now loaded: 0)
System memory in use before: 100.8 MB.
System memory in use after: 100.9 MB.

Unloading 17 unused Assets to reduce memory usage. Loaded Objects now: 2635.
Total: 3.077500 ms (FindLiveObjects: 0.201400 ms CreateObjectMapping: 0.046700 ms MarkObjects: 2.811500 ms  DeleteObjects: 0.016400 ms)

AssetImportParameters requested are different than current active one (requested -> active):
  custom:framework-win-MediaFoundation: 216162199b28c13a410421893ffa2e32 -> 
  custom:video-decoder-ogg-theora: a1e56fd34408186e4bbccfd4996cb3dc -> 
  custom:container-muxer-webm: aa71ff27fc2769a1b78a27578f13a17b -> 
  custom:container-demuxer-webm: 4f35f7cbe854078d1ac9338744f61a02 -> 
  custom:container-demuxer-ogg: 62fdf1f143b41e24485cea50d1cbac27 -> 
  custom:video-encoder-webm-vp8: eb34c28f22e8b96e1ab97ce403110664 -> 
  custom:video-decoder-webm-vp8: 9c59270c3fd7afecdb556c50c9e8de78 -> 
  custom:audio-decoder-ogg-vorbis: bf7c407c2cedff20999df2af8eb42d56 -> 
  custom:audio-encoder-webm-vorbis: bf7c407c2cedff20999df2af8eb42d56 -> 
AssetImportWorkerClient::OnTransportError - code=2 error=End of file
